<?xml version="1.0" encoding="UTF-8"?>
<!-- Generated by org.testng.reporters.JUnitReportReporter -->
<testsuite skipped="0" hostname="Audience" name="org.ipay.Tester" tests="1" failures="0" timestamp="23 八月 2017 01:33:25 GMT" time="1.190" errors="0">
  <testcase name="AAA" time="1.190" classname="org.ipay.Tester"/>
</testsuite> <!-- org.ipay.Tester -->
